<?xml version="1.0" encoding="UTF-8"?>
<!-- Generated by org.testng.reporters.JUnitReportReporter -->
<testsuite hostname="DESKTOP-16U2O43" failures="0" tests="1" name="test_Cases.Pay_User_Page_TestCases" time="12.967" errors="0" timestamp="2025-04-02T15:57:37 IST" skipped="0">
  <testcase classname="test_Cases.Pay_User_Page_TestCases" name="payUser" time="12.967"/>
</testsuite> <!-- test_Cases.Pay_User_Page_TestCases -->
