<?xml version="1.0" encoding="UTF-8"?>
<!-- Generated by org.testng.reporters.JUnitReportReporter -->
<testsuite hostname="DESKTOP-16U2O43" failures="0" tests="1" name="test_Cases.Pay_User_Page_TestCases" time="6.023" errors="0" timestamp="2025-04-07T13:08:15 IST" skipped="0">
  <testcase classname="test_Cases.Pay_User_Page_TestCases" name="payUser" time="6.023"/>
</testsuite> <!-- test_Cases.Pay_User_Page_TestCases -->
