<?xml version="1.0" encoding="UTF-8"?>
<!-- Generated by org.testng.reporters.JUnitReportReporter -->
<testsuite hostname="DESKTOP-16U2O43" failures="0" tests="1" name="test_Cases.Pay_User_003TestCases" time="17.487" errors="0" timestamp="2025-04-02T11:48:27 IST" skipped="0">
  <testcase classname="test_Cases.Pay_User_003TestCases" name="payUser" time="17.487"/>
</testsuite> <!-- test_Cases.Pay_User_003TestCases -->
